<?xml version="1.0" encoding="UTF-8"?>
<coverage generated="1773822445100" clover="3.2.0">
  <project timestamp="1773822445100" name="All files">
    <metrics statements="27" coveredstatements="23" conditionals="34" coveredconditionals="23" methods="6" coveredmethods="5" elements="67" coveredelements="51" complexity="0" loc="27" ncloc="27" packages="2" files="3" classes="3"/>
    <package name="config">
      <metrics statements="8" coveredstatements="5" conditionals="30" coveredconditionals="22" methods="2" coveredmethods="1"/>
      <file name="index.js" path="/Users/sanket/Documents/Projects/creator-platform/backend/src/config/index.js">
        <metrics statements="8" coveredstatements="5" conditionals="30" coveredconditionals="22" methods="2" coveredmethods="1"/>
        <line num="3" count="1" type="stmt"/>
        <line num="5" count="1" type="stmt"/>
        <line num="6" count="5" type="stmt"/>
        <line num="7" count="5" type="cond" truecount="1" falsecount="1"/>
        <line num="10" count="1" type="stmt"/>
        <line num="40" count="0" type="cond" truecount="0" falsecount="2"/>
        <line num="41" count="0" type="cond" truecount="0" falsecount="4"/>
        <line num="42" count="0" type="stmt"/>
      </file>
    </package>
    <package name="utils">
      <metrics statements="19" coveredstatements="18" conditionals="4" coveredconditionals="1" methods="4" coveredmethods="4"/>
      <file name="dateSlots.js" path="/Users/sanket/Documents/Projects/creator-platform/backend/src/utils/dateSlots.js">
        <metrics statements="12" coveredstatements="11" conditionals="2" coveredconditionals="1" methods="2" coveredmethods="2"/>
        <line num="7" count="1" type="stmt"/>
        <line num="8" count="1" type="cond" truecount="1" falsecount="1"/>
        <line num="9" count="0" type="stmt"/>
        <line num="11" count="1" type="stmt"/>
        <line num="12" count="1" type="stmt"/>
        <line num="13" count="1" type="stmt"/>
        <line num="14" count="8" type="stmt"/>
        <line num="15" count="8" type="stmt"/>
        <line num="16" count="8" type="stmt"/>
        <line num="21" count="1" type="stmt"/>
        <line num="25" count="1" type="stmt"/>
        <line num="26" count="1" type="stmt"/>
      </file>
      <file name="fees.js" path="/Users/sanket/Documents/Projects/creator-platform/backend/src/utils/fees.js">
        <metrics statements="7" coveredstatements="7" conditionals="2" coveredconditionals="0" methods="2" coveredmethods="2"/>
        <line num="5" count="2" type="stmt"/>
        <line num="6" count="2" type="stmt"/>
        <line num="7" count="2" type="stmt"/>
        <line num="11" count="1" type="stmt"/>
        <line num="12" count="1" type="stmt"/>
        <line num="13" count="1" type="stmt"/>
        <line num="14" count="1" type="stmt"/>
      </file>
    </package>
  </project>
</coverage>
