{"/Users/sanket/Documents/Projects/creator-platform/backend/src/config/index.js": {"path":"/Users/sanket/Documents/Projects/creator-platform/backend/src/config/index.js","statementMap":{"0":{"start":{"line":3,"column":0},"end":{"line":3,"column":16}},"1":{"start":{"line":5,"column":12},"end":{"line":8,"column":1}},"2":{"start":{"line":6,"column":12},"end":{"line":6,"column":35}},"3":{"start":{"line":7,"column":2},"end":{"line":7,"column":36}},"4":{"start":{"line":10,"column":22},"end":{"line":37,"column":1}},"5":{"start":{"line":40,"column":2},"end":{"line":44,"column":3}},"6":{"start":{"line":41,"column":4},"end":{"line":43,"column":5}},"7":{"start":{"line":42,"column":6},"end":{"line":42,"column":78}}},"fnMap":{"0":{"name":"(anonymous_0)","decl":{"start":{"line":5,"column":12},"end":{"line":5,"column":13}},"loc":{"start":{"line":5,"column":22},"end":{"line":8,"column":1}},"line":5},"1":{"name":"assertProductionSecrets","decl":{"start":{"line":39,"column":16},"end":{"line":39,"column":39}},"loc":{"start":{"line":39,"column":42},"end":{"line":45,"column":1}},"line":39}},"branchMap":{"0":{"loc":{"start":{"line":7,"column":9},"end":{"line":7,"column":35}},"type":"cond-expr","locations":[{"start":{"line":7,"column":30},"end":{"line":7,"column":31}},{"start":{"line":7,"column":34},"end":{"line":7,"column":35}}],"line":7},"1":{"loc":{"start":{"line":11,"column":7},"end":{"line":11,"column":44}},"type":"binary-expr","locations":[{"start":{"line":11,"column":7},"end":{"line":11,"column":27}},{"start":{"line":11,"column":31},"end":{"line":11,"column":44}}],"line":11},"2":{"loc":{"start":{"line":13,"column":14},"end":{"line":13,"column":91}},"type":"binary-expr","locations":[{"start":{"line":13,"column":14},"end":{"line":13,"column":38}},{"start":{"line":13,"column":42},"end":{"line":13,"column":91}}],"line":13},"3":{"loc":{"start":{"line":16,"column":12},"end":{"line":16,"column":69}},"type":"binary-expr","locations":[{"start":{"line":16,"column":12},"end":{"line":16,"column":34}},{"start":{"line":16,"column":38},"end":{"line":16,"column":69}}],"line":16},"4":{"loc":{"start":{"line":17,"column":15},"end":{"line":17,"column":49}},"type":"binary-expr","locations":[{"start":{"line":17,"column":15},"end":{"line":17,"column":41}},{"start":{"line":17,"column":45},"end":{"line":17,"column":49}}],"line":17},"5":{"loc":{"start":{"line":25,"column":15},"end":{"line":25,"column":50}},"type":"binary-expr","locations":[{"start":{"line":25,"column":15},"end":{"line":25,"column":44}},{"start":{"line":25,"column":48},"end":{"line":25,"column":50}}],"line":25},"6":{"loc":{"start":{"line":26,"column":19},"end":{"line":26,"column":58}},"type":"binary-expr","locations":[{"start":{"line":26,"column":19},"end":{"line":26,"column":52}},{"start":{"line":26,"column":56},"end":{"line":26,"column":58}}],"line":26},"7":{"loc":{"start":{"line":27,"column":21},"end":{"line":27,"column":65}},"type":"binary-expr","locations":[{"start":{"line":27,"column":21},"end":{"line":27,"column":56}},{"start":{"line":27,"column":60},"end":{"line":27,"column":65}}],"line":27},"8":{"loc":{"start":{"line":31,"column":11},"end":{"line":31,"column":44}},"type":"binary-expr","locations":[{"start":{"line":31,"column":11},"end":{"line":31,"column":38}},{"start":{"line":31,"column":42},"end":{"line":31,"column":44}}],"line":31},"9":{"loc":{"start":{"line":32,"column":15},"end":{"line":32,"column":52}},"type":"binary-expr","locations":[{"start":{"line":32,"column":15},"end":{"line":32,"column":46}},{"start":{"line":32,"column":50},"end":{"line":32,"column":52}}],"line":32},"10":{"loc":{"start":{"line":33,"column":19},"end":{"line":33,"column":60}},"type":"binary-expr","locations":[{"start":{"line":33,"column":19},"end":{"line":33,"column":54}},{"start":{"line":33,"column":58},"end":{"line":33,"column":60}}],"line":33},"11":{"loc":{"start":{"line":36,"column":27},"end":{"line":36,"column":75}},"type":"binary-expr","locations":[{"start":{"line":36,"column":27},"end":{"line":36,"column":63}},{"start":{"line":36,"column":67},"end":{"line":36,"column":75}}],"line":36},"12":{"loc":{"start":{"line":40,"column":2},"end":{"line":44,"column":3}},"type":"if","locations":[{"start":{"line":40,"column":2},"end":{"line":44,"column":3}},{"start":{},"end":{}}],"line":40},"13":{"loc":{"start":{"line":41,"column":4},"end":{"line":43,"column":5}},"type":"if","locations":[{"start":{"line":41,"column":4},"end":{"line":43,"column":5}},{"start":{},"end":{}}],"line":41},"14":{"loc":{"start":{"line":41,"column":8},"end":{"line":41,"column":69}},"type":"binary-expr","locations":[{"start":{"line":41,"column":8},"end":{"line":41,"column":31}},{"start":{"line":41,"column":35},"end":{"line":41,"column":69}}],"line":41}},"s":{"0":1,"1":1,"2":5,"3":5,"4":1,"5":0,"6":0,"7":0},"f":{"0":5,"1":0},"b":{"0":[0,5],"1":[1,0],"2":[1,1],"3":[1,1],"4":[1,1],"5":[1,1],"6":[1,1],"7":[1,1],"8":[1,1],"9":[1,1],"10":[1,1],"11":[1,1],"12":[0,0],"13":[0,0],"14":[0,0]},"inputSourceMap":null,"_coverageSchema":"1a1c01bbd47fc00a2c39e90264f33305004495a9","hash":"176a3e4baf92f38776b23e7e01eac8af1fb2581a"}
,"/Users/sanket/Documents/Projects/creator-platform/backend/src/utils/dateSlots.js": {"path":"/Users/sanket/Documents/Projects/creator-platform/backend/src/utils/dateSlots.js","statementMap":{"0":{"start":{"line":7,"column":14},"end":{"line":7,"column":72}},"1":{"start":{"line":8,"column":2},"end":{"line":10,"column":3}},"2":{"start":{"line":9,"column":4},"end":{"line":9,"column":87}},"3":{"start":{"line":11,"column":21},"end":{"line":11,"column":39}},"4":{"start":{"line":12,"column":16},"end":{"line":12,"column":18}},"5":{"start":{"line":13,"column":2},"end":{"line":20,"column":3}},"6":{"start":{"line":13,"column":15},"end":{"line":13,"column":32}},"7":{"start":{"line":14,"column":23},"end":{"line":14,"column":54}},"8":{"start":{"line":15,"column":21},"end":{"line":15,"column":74}},"9":{"start":{"line":16,"column":4},"end":{"line":19,"column":7}},"10":{"start":{"line":21,"column":2},"end":{"line":21,"column":15}},"11":{"start":{"line":25,"column":12},"end":{"line":25,"column":83}},"12":{"start":{"line":26,"column":2},"end":{"line":26,"column":71}}},"fnMap":{"0":{"name":"generateSlotIntervals","decl":{"start":{"line":6,"column":16},"end":{"line":6,"column":37}},"loc":{"start":{"line":6,"column":119},"end":{"line":22,"column":1}},"line":6},"1":{"name":"utcDayBoundsForSlot","decl":{"start":{"line":24,"column":16},"end":{"line":24,"column":35}},"loc":{"start":{"line":24,"column":46},"end":{"line":27,"column":1}},"line":24}},"branchMap":{"0":{"loc":{"start":{"line":8,"column":2},"end":{"line":10,"column":3}},"type":"if","locations":[{"start":{"line":8,"column":2},"end":{"line":10,"column":3}},{"start":{},"end":{}}],"line":8}},"s":{"0":1,"1":1,"2":0,"3":1,"4":1,"5":1,"6":1,"7":8,"8":8,"9":8,"10":1,"11":1,"12":1},"f":{"0":1,"1":1},"b":{"0":[0,1]},"inputSourceMap":null,"_coverageSchema":"1a1c01bbd47fc00a2c39e90264f33305004495a9","hash":"bd10240128937bf87f34fb4068cc5d4089ac872f"}
,"/Users/sanket/Documents/Projects/creator-platform/backend/src/utils/fees.js": {"path":"/Users/sanket/Documents/Projects/creator-platform/backend/src/utils/fees.js","statementMap":{"0":{"start":{"line":5,"column":12},"end":{"line":5,"column":51}},"1":{"start":{"line":6,"column":14},"end":{"line":6,"column":40}},"2":{"start":{"line":7,"column":2},"end":{"line":7,"column":21}},"3":{"start":{"line":11,"column":16},"end":{"line":11,"column":55}},"4":{"start":{"line":12,"column":14},"end":{"line":12,"column":60}},"5":{"start":{"line":13,"column":18},"end":{"line":13,"column":29}},"6":{"start":{"line":14,"column":2},"end":{"line":18,"column":4}}},"fnMap":{"0":{"name":"platformFeeFromTotal","decl":{"start":{"line":4,"column":16},"end":{"line":4,"column":36}},"loc":{"start":{"line":4,"column":79},"end":{"line":8,"column":1}},"line":4},"1":{"name":"splitPayment","decl":{"start":{"line":10,"column":16},"end":{"line":10,"column":28}},"loc":{"start":{"line":10,"column":71},"end":{"line":19,"column":1}},"line":10}},"branchMap":{"0":{"loc":{"start":{"line":4,"column":50},"end":{"line":4,"column":77}},"type":"default-arg","locations":[{"start":{"line":4,"column":56},"end":{"line":4,"column":77}}],"line":4},"1":{"loc":{"start":{"line":10,"column":42},"end":{"line":10,"column":69}},"type":"default-arg","locations":[{"start":{"line":10,"column":48},"end":{"line":10,"column":69}}],"line":10}},"s":{"0":2,"1":2,"2":2,"3":1,"4":1,"5":1,"6":1},"f":{"0":2,"1":1},"b":{"0":[0],"1":[0]},"inputSourceMap":null,"_coverageSchema":"1a1c01bbd47fc00a2c39e90264f33305004495a9","hash":"7526399f7cffbd2b97069a0df170a7e99171dd2d"}
}
