TN:
SF:src/config/index.js
FN:5,(anonymous_0)
FN:39,assertProductionSecrets
FNF:2
FNH:1
FNDA:5,(anonymous_0)
FNDA:0,assertProductionSecrets
DA:3,1
DA:5,1
DA:6,5
DA:7,5
DA:10,1
DA:40,0
DA:41,0
DA:42,0
LF:8
LH:5
BRDA:7,0,0,0
BRDA:7,0,1,5
BRDA:11,1,0,1
BRDA:11,1,1,0
BRDA:13,2,0,1
BRDA:13,2,1,1
BRDA:16,3,0,1
BRDA:16,3,1,1
BRDA:17,4,0,1
BRDA:17,4,1,1
BRDA:25,5,0,1
BRDA:25,5,1,1
BRDA:26,6,0,1
BRDA:26,6,1,1
BRDA:27,7,0,1
BRDA:27,7,1,1
BRDA:31,8,0,1
BRDA:31,8,1,1
BRDA:32,9,0,1
BRDA:32,9,1,1
BRDA:33,10,0,1
BRDA:33,10,1,1
BRDA:36,11,0,1
BRDA:36,11,1,1
BRDA:40,12,0,0
BRDA:40,12,1,0
BRDA:41,13,0,0
BRDA:41,13,1,0
BRDA:41,14,0,0
BRDA:41,14,1,0
BRF:30
BRH:22
end_of_record
TN:
SF:src/utils/dateSlots.js
FN:6,generateSlotIntervals
FN:24,utcDayBoundsForSlot
FNF:2
FNH:2
FNDA:1,generateSlotIntervals
FNDA:1,utcDayBoundsForSlot
DA:7,1
DA:8,1
DA:9,0
DA:11,1
DA:12,1
DA:13,1
DA:14,8
DA:15,8
DA:16,8
DA:21,1
DA:25,1
DA:26,1
LF:12
LH:11
BRDA:8,0,0,0
BRDA:8,0,1,1
BRF:2
BRH:1
end_of_record
TN:
SF:src/utils/fees.js
FN:4,platformFeeFromTotal
FN:10,splitPayment
FNF:2
FNH:2
FNDA:2,platformFeeFromTotal
FNDA:1,splitPayment
DA:5,2
DA:6,2
DA:7,2
DA:11,1
DA:12,1
DA:13,1
DA:14,1
LF:7
LH:7
BRDA:4,0,0,0
BRDA:10,1,0,0
BRF:2
BRH:0
end_of_record
